<?xml version="1.0" encoding="UTF-8"?>
<testsuite name="Bank Manager Login Test"
           tests="5"
           failures="1"
           errors="0"
           skipped="4"
           time="-4773575532.013">
  <properties />
            <testcase name="setUp" time="0.110" classname="com.suresh.testcases.BankManagerLoginTest">
                <failure type="java.lang.IllegalStateException"
                  message="The driver executable does not exist: /Users/smanem/GitHub/SeleniumDataDrivenFramework/DataDrivenFramework/src/test/resources/executables/geckodriver.exe"
              >
<![CDATA[java.lang.IllegalStateException: The driver executable does not exist: /Users/smanem/GitHub/SeleniumDataDrivenFramework/DataDrivenFramework/src/test/resources/executables/geckodriver.exe
  com.google.common.base.Preconditions.checkState(Preconditions.java:585)
  org.openqa.selenium.remote.service.DriverService.checkExecutable(DriverService.java:146)
  org.openqa.selenium.remote.service.DriverService.findExecutable(DriverService.java:141)
  org.openqa.selenium.firefox.GeckoDriverService.access$100(GeckoDriverService.java:44)
  org.openqa.selenium.firefox.GeckoDriverService$Builder.findDefaultExecutable(GeckoDriverService.java:167)
  org.openqa.selenium.remote.service.DriverService$Builder.build(DriverService.java:355)
  org.openqa.selenium.firefox.FirefoxDriver.toExecutor(FirefoxDriver.java:190)
  org.openqa.selenium.firefox.FirefoxDriver.<init>(FirefoxDriver.java:147)
  org.openqa.selenium.firefox.FirefoxDriver.<init>(FirefoxDriver.java:125)
  com.suresh.base.TestBase.setUp(TestBase.java:105)
  sun.reflect.NativeMethodAccessorImpl.invoke0(Native Method)
  sun.reflect.NativeMethodAccessorImpl.invoke(NativeMethodAccessorImpl.java:62)
  sun.reflect.DelegatingMethodAccessorImpl.invoke(DelegatingMethodAccessorImpl.java:43)
  java.lang.reflect.Method.invoke(Method.java:498)
  org.testng.internal.MethodInvocationHelper.invokeMethod(MethodInvocationHelper.java:134)
  org.testng.internal.MethodInvocationHelper.invokeMethodConsideringTimeout(MethodInvocationHelper.java:63)
  org.testng.internal.ConfigInvoker.invokeConfigurationMethod(ConfigInvoker.java:348)
  org.testng.internal.ConfigInvoker.invokeConfigurations(ConfigInvoker.java:302)
  org.testng.SuiteRunner.privateRun(SuiteRunner.java:327)
  org.testng.SuiteRunner.run(SuiteRunner.java:286)
  org.testng.SuiteRunnerWorker.runSuite(SuiteRunnerWorker.java:53)
  org.testng.SuiteRunnerWorker.run(SuiteRunnerWorker.java:96)
  org.testng.TestNG.runSuitesSequentially(TestNG.java:1187)
  org.testng.TestNG.runSuitesLocally(TestNG.java:1109)
  org.testng.TestNG.runSuites(TestNG.java:1039)
  org.testng.TestNG.run(TestNG.java:1007)
  org.testng.remote.AbstractRemoteTestNG.run(AbstractRemoteTestNG.java:115)
  org.testng.remote.RemoteTestNG.initAndRun(RemoteTestNG.java:251)
  org.testng.remote.RemoteTestNG.main(RemoteTestNG.java:77)
]]>
      </failure>

          </testcase>
  
            <testcase name="setUp" time="0.0" classname="com.suresh.testcases.BankManagerLoginTest">
          <skipped />
    </testcase>
            <testcase name="tearDown" time="0.0" classname="com.suresh.testcases.BankManagerLoginTest">
          <skipped />
    </testcase>
            <testcase name="tearDown" time="0.0" classname="com.suresh.testcases.BankManagerLoginTest">
          <skipped />
    </testcase>
            <testcase name="bankManagerLoginTest" time="0.0" classname="com.suresh.testcases.BankManagerLoginTest">
          <skipped />
    </testcase>
  
  
</testsuite>
