<?xml version="1.0" encoding="UTF-8"?>
<!-- Generated by org.testng.reporters.JUnitXMLReporter -->
<testsuite hostname="sureshs-mbp" ignored="0" name="Bank Manager Login Test" tests="1" failures="0" timestamp="2020-06-03T19:14:04 IST" time="0.255" errors="0">
  <testcase name="@BeforeSuite setUp" time="0.11" classname="com.suresh.base.TestBase">
    <failure type="java.lang.IllegalStateException" message="The driver executable does not exist: /Users/smanem/GitHub/SeleniumDataDrivenFramework/DataDrivenFramework/src/test/resources/executables/geckodriver.exe">
      <![CDATA[java.lang.IllegalStateException: The driver executable does not exist: /Users/smanem/GitHub/SeleniumDataDrivenFramework/DataDrivenFramework/src/test/resources/executables/geckodriver.exe
at com.google.common.base.Preconditions.checkState(Preconditions.java:585)
at org.openqa.selenium.remote.service.DriverService.checkExecutable(DriverService.java:146)
at org.openqa.selenium.remote.service.DriverService.findExecutable(DriverService.java:141)
at org.openqa.selenium.firefox.GeckoDriverService.access$100(GeckoDriverService.java:44)
at org.openqa.selenium.firefox.GeckoDriverService$Builder.findDefaultExecutable(GeckoDriverService.java:167)
at org.openqa.selenium.remote.service.DriverService$Builder.build(DriverService.java:355)
at org.openqa.selenium.firefox.FirefoxDriver.toExecutor(FirefoxDriver.java:190)
at org.openqa.selenium.firefox.FirefoxDriver.<init>(FirefoxDriver.java:147)
at org.openqa.selenium.firefox.FirefoxDriver.<init>(FirefoxDriver.java:125)
at com.suresh.base.TestBase.setUp(TestBase.java:105)
... Removed 19 stack frames]]>
    </failure>
  </testcase> <!-- @BeforeSuite setUp -->
  <testcase name="@BeforeMethod setUp" time="-1.591191843884E9" classname="com.suresh.base.TestBase">
    <skipped/>
  </testcase> <!-- @BeforeMethod setUp -->
  <testcase name="@AfterMethod tearDown" time="-1.591191844109E9" classname="com.suresh.base.TestBase">
    <skipped/>
  </testcase> <!-- @AfterMethod tearDown -->
  <testcase name="bankManagerLoginTest" time="0.0" classname="com.suresh.testcases.BankManagerLoginTest">
    <skipped/>
  </testcase> <!-- bankManagerLoginTest -->
</testsuite> <!-- Bank Manager Login Test -->
